1617340369620	geckodriver	INFO	Listening on 127.0.0.1:49200
1617340372673	mozrunner::runner	INFO	Running command: "C:\\Program Files\\Mozilla Firefox\\firefox.exe" "--marionette" "-foreground" "-no-remote" "-profile" "C:\\Users\\kkk\\AppData\\Local\\Temp\\rust_mozprofileARScxn"
console.warn: SearchSettings: "get: No settings file exists, new profile?" (new Error("", "(unknown module)"))
1617340377086	Marionette	INFO	Listening on port 49208
1617340377480	Marionette	WARN	TLS certificate errors will be ignored for this session
console.error: Region.jsm: "Error fetching region" (new Error("TIMEOUT", "resource://gre/modules/Region.jsm", 772))
console.error: Region.jsm: "Failed to fetch region" (new Error("TIMEOUT", "resource://gre/modules/Region.jsm", 419))
1617340383981	Marionette	INFO	Stopped listening on port 49208

###!!! [Child][RunMessage] Error: Channel closing: too late to send/recv, messages will be lost

1617947910208	geckodriver	INFO	Listening on 127.0.0.1:65497
1617947913279	mozrunner::runner	INFO	Running command: "C:\\Program Files\\Mozilla Firefox\\firefox.exe" "--marionette" "-foreground" "-no-remote" "-profile" "C:\\Users\\kkk\\AppData\\Local\\Temp\\rust_mozprofileSjUxHK"
console.warn: SearchSettings: "get: No settings file exists, new profile?" (new Error("", "(unknown module)"))
1617947917502	Marionette	INFO	Listening on port 65505
1617947917577	Marionette	WARN	TLS certificate errors will be ignored for this session
console.error: Region.jsm: "Error fetching region" (new Error("TIMEOUT", "resource://gre/modules/Region.jsm", 772))
console.error: Region.jsm: "Failed to fetch region" (new Error("TIMEOUT", "resource://gre/modules/Region.jsm", 419))
1617947924155	Marionette	INFO	Stopped listening on port 65505
1617947991654	geckodriver	INFO	Listening on 127.0.0.1:49157
1617947994747	mozrunner::runner	INFO	Running command: "C:\\Program Files\\Mozilla Firefox\\firefox.exe" "--marionette" "-foreground" "-no-remote" "-profile" "C:\\Users\\kkk\\AppData\\Local\\Temp\\rust_mozprofile7dLAqU"
console.warn: SearchSettings: "get: No settings file exists, new profile?" (new Error("", "(unknown module)"))
1617947998294	Marionette	INFO	Listening on port 49165
1617947998409	Marionette	WARN	TLS certificate errors will be ignored for this session
1617948004931	Marionette	INFO	Stopped listening on port 49165
console.error: services.settings: 
  main/fxmonitor-breaches Signature failed  TypeError: NetworkError when attempting to fetch resource.
console.error: services.settings: 
  main/message-groups Signature failed  TypeError: NetworkError when attempting to fetch resource.

###!!! [Child][RunMessage] Error: Channel closing: too late to send/recv, messages will be lost

1617948121027	geckodriver	INFO	Listening on 127.0.0.1:49225
1617948124097	mozrunner::runner	INFO	Running command: "C:\\Program Files\\Mozilla Firefox\\firefox.exe" "--marionette" "-foreground" "-no-remote" "-profile" "C:\\Users\\kkk\\AppData\\Local\\Temp\\rust_mozprofileeBYSSh"
console.warn: SearchSettings: "get: No settings file exists, new profile?" (new Error("", "(unknown module)"))
1617948127482	Marionette	INFO	Listening on port 49235
1617948127768	Marionette	WARN	TLS certificate errors will be ignored for this session
1617948134311	Marionette	INFO	Stopped listening on port 49235
console.error: services.settings: 
  main/fxmonitor-breaches Signature failed  TypeError: NetworkError when attempting to fetch resource.
console.error: services.settings: 
  main/message-groups Signature failed  TypeError: NetworkError when attempting to fetch resource.

###!!! [Child][RunMessage] Error: Channel closing: too late to send/recv, messages will be lost

1617948256517	geckodriver	INFO	Listening on 127.0.0.1:49440
1617948259561	mozrunner::runner	INFO	Running command: "C:\\Program Files\\Mozilla Firefox\\firefox.exe" "--marionette" "-foreground" "-no-remote" "-profile" "C:\\Users\\kkk\\AppData\\Local\\Temp\\rust_mozprofileLaUPPH"
console.warn: SearchSettings: "get: No settings file exists, new profile?" (new Error("", "(unknown module)"))
1617948263064	Marionette	INFO	Listening on port 49449
1617948263203	Marionette	WARN	TLS certificate errors will be ignored for this session
console.error: Region.jsm: "Error fetching region" (new Error("TIMEOUT", "resource://gre/modules/Region.jsm", 772))
console.error: Region.jsm: "Failed to fetch region" (new Error("TIMEOUT", "resource://gre/modules/Region.jsm", 419))
1617948269707	Marionette	INFO	Stopped listening on port 49449

###!!! [Child][RunMessage] Error: Channel closing: too late to send/recv, messages will be lost

1617948362615	geckodriver	INFO	Listening on 127.0.0.1:49503
1617948365663	mozrunner::runner	INFO	Running command: "C:\\Program Files\\Mozilla Firefox\\firefox.exe" "--marionette" "-foreground" "-no-remote" "-profile" "C:\\Users\\kkk\\AppData\\Local\\Temp\\rust_mozprofile7BWk7D"
console.warn: SearchSettings: "get: No settings file exists, new profile?" (new Error("", "(unknown module)"))
1617948369335	Marionette	INFO	Listening on port 49513
1617948369802	Marionette	WARN	TLS certificate errors will be ignored for this session
1617948376334	Marionette	INFO	Stopped listening on port 49513

###!!! [Child][RunMessage] Error: Channel closing: too late to send/recv, messages will be lost

1617948412952	geckodriver	INFO	Listening on 127.0.0.1:49558
1617948416004	mozrunner::runner	INFO	Running command: "C:\\Program Files\\Mozilla Firefox\\firefox.exe" "--marionette" "-foreground" "-no-remote" "-profile" "C:\\Users\\kkk\\AppData\\Local\\Temp\\rust_mozprofileSKyG4b"
console.warn: SearchSettings: "get: No settings file exists, new profile?" (new Error("", "(unknown module)"))
1617948419549	Marionette	INFO	Listening on port 49567
1617948419643	Marionette	WARN	TLS certificate errors will be ignored for this session
1617948421669	Marionette	INFO	Stopped listening on port 49567
JavaScript error: , line 0: AbortError: A request was aborted, for example through a call to IDBTransaction.abort.
1617948489926	geckodriver	INFO	Listening on 127.0.0.1:49609
1617948492976	mozrunner::runner	INFO	Running command: "C:\\Program Files\\Mozilla Firefox\\firefox.exe" "--marionette" "-foreground" "-no-remote" "-profile" "C:\\Users\\kkk\\AppData\\Local\\Temp\\rust_mozprofileeP1v2a"
console.warn: SearchSettings: "get: No settings file exists, new profile?" (new Error("", "(unknown module)"))
1617948496476	Marionette	INFO	Listening on port 49617
1617948496611	Marionette	WARN	TLS certificate errors will be ignored for this session
1617948503096	Marionette	INFO	Stopped listening on port 49617

###!!! [Child][RunMessage] Error: Channel closing: too late to send/recv, messages will be lost

1617948704024	geckodriver	INFO	Listening on 127.0.0.1:49741
1617948707052	mozrunner::runner	INFO	Running command: "C:\\Program Files\\Mozilla Firefox\\firefox.exe" "--marionette" "-foreground" "-no-remote" "-profile" "C:\\Users\\kkk\\AppData\\Local\\Temp\\rust_mozprofileV3nEG9"
console.warn: SearchSettings: "get: No settings file exists, new profile?" (new Error("", "(unknown module)"))
1617948710926	Marionette	INFO	Listening on port 49749
1617948711251	Marionette	WARN	TLS certificate errors will be ignored for this session
console.error: Region.jsm: "Error fetching region" (new Error("TIMEOUT", "resource://gre/modules/Region.jsm", 772))
console.error: Region.jsm: "Failed to fetch region" (new Error("TIMEOUT", "resource://gre/modules/Region.jsm", 419))
1617948717763	Marionette	INFO	Stopped listening on port 49749

###!!! [Child][RunMessage] Error: Channel closing: too late to send/recv, messages will be lost

1617948750255	geckodriver	INFO	Listening on 127.0.0.1:49850
1617948753299	mozrunner::runner	INFO	Running command: "C:\\Program Files\\Mozilla Firefox\\firefox.exe" "--marionette" "-foreground" "-no-remote" "-profile" "C:\\Users\\kkk\\AppData\\Local\\Temp\\rust_mozprofileOtRKif"
console.warn: SearchSettings: "get: No settings file exists, new profile?" (new Error("", "(unknown module)"))
1617948757222	Marionette	INFO	Listening on port 49864
1617948757440	Marionette	WARN	TLS certificate errors will be ignored for this session
1617948757598	Marionette	INFO	Stopped listening on port 49864
console.error: services.settings: 
  main/message-groups Signature failed  TypeError: NetworkError when attempting to fetch resource.
console.error: services.settings: 
  main/fxmonitor-breaches Signature failed  TypeError: NetworkError when attempting to fetch resource.
1618550000216	geckodriver	INFO	Listening on 127.0.0.1:50508
1618550003260	mozrunner::runner	INFO	Running command: "C:\\Program Files\\Mozilla Firefox\\firefox.exe" "--marionette" "-foreground" "-no-remote" "-profile" "C:\\Users\\kkk\\AppData\\Local\\Temp\\rust_mozprofileRBYBar"
console.warn: SearchSettings: "get: No settings file exists, new profile?" (new Error("", "(unknown module)"))
1618550008012	Marionette	INFO	Listening on port 50518
1618550008149	Marionette	WARN	TLS certificate errors will be ignored for this session
1618550008292	Marionette	INFO	Stopped listening on port 50518
console.error: Region.jsm: "Error fetching region" (new TypeError("NetworkError when attempting to fetch resource.", ""))
console.error: Region.jsm: "Failed to fetch region" (new Error("NO_RESULT", "resource://gre/modules/Region.jsm", 419))
1618550167266	geckodriver	INFO	Listening on 127.0.0.1:50779
1618550170306	mozrunner::runner	INFO	Running command: "C:\\Program Files\\Mozilla Firefox\\firefox.exe" "--marionette" "-foreground" "-no-remote" "-profile" "C:\\Users\\kkk\\AppData\\Local\\Temp\\rust_mozprofileIESIzf"
console.warn: SearchSettings: "get: No settings file exists, new profile?" (new Error("", "(unknown module)"))
1618550174056	Marionette	INFO	Listening on port 50787
1618550174446	Marionette	WARN	TLS certificate errors will be ignored for this session
1618550174617	Marionette	INFO	Stopped listening on port 50787
console.warn: services.settings: main/cfr-fxa sync interrupted by shutdown

###!!! [Child][RunMessage] Error: Channel closing: too late to send/recv, messages will be lost

1618550837690	geckodriver	INFO	Listening on 127.0.0.1:51139
1618550840735	mozrunner::runner	INFO	Running command: "C:\\Program Files\\Mozilla Firefox\\firefox.exe" "--marionette" "-foreground" "-no-remote" "-profile" "C:\\Users\\kkk\\AppData\\Local\\Temp\\rust_mozprofile9isnMC"
console.warn: SearchSettings: "get: No settings file exists, new profile?" (new Error("", "(unknown module)"))
1618550844363	Marionette	INFO	Listening on port 51147
1618550844398	Marionette	WARN	TLS certificate errors will be ignored for this session
1618550844753	Marionette	INFO	Stopped listening on port 51147
console.error: Region.jsm: "Error fetching region" (new TypeError("NetworkError when attempting to fetch resource.", ""))
console.error: Region.jsm: "Failed to fetch region" (new Error("NO_RESULT", "resource://gre/modules/Region.jsm", 419))

###!!! [Child][RunMessage] Error: Channel closing: too late to send/recv, messages will be lost

1618551792098	geckodriver	INFO	Listening on 127.0.0.1:51664
1618551795147	mozrunner::runner	INFO	Running command: "C:\\Program Files\\Mozilla Firefox\\firefox.exe" "--marionette" "-foreground" "-no-remote" "-profile" "C:\\Users\\kkk\\AppData\\Local\\Temp\\rust_mozprofileMMQnSN"
console.warn: SearchSettings: "get: No settings file exists, new profile?" (new Error("", "(unknown module)"))
1618551798900	Marionette	INFO	Listening on port 51672
1618551799297	Marionette	WARN	TLS certificate errors will be ignored for this session
console.error: Region.jsm: "Error fetching region" (new Error("TIMEOUT", "resource://gre/modules/Region.jsm", 772))
console.error: Region.jsm: "Failed to fetch region" (new Error("TIMEOUT", "resource://gre/modules/Region.jsm", 419))
1618551804692	Marionette	INFO	Stopped listening on port 51672

###!!! [Child][RunMessage] Error: Channel closing: too late to send/recv, messages will be lost

1618552752287	geckodriver	INFO	Listening on 127.0.0.1:58963
1618552755335	mozrunner::runner	INFO	Running command: "C:\\Program Files\\Mozilla Firefox\\firefox.exe" "--marionette" "-foreground" "-no-remote" "-profile" "C:\\Users\\kkk\\AppData\\Local\\Temp\\rust_mozprofilekXSf0b"
console.warn: SearchSettings: "get: No settings file exists, new profile?" (new Error("", "(unknown module)"))
1618552759354	Marionette	INFO	Listening on port 58972
1618552759509	Marionette	WARN	TLS certificate errors will be ignored for this session
1618552761292	Marionette	INFO	Stopped listening on port 58972

###!!! [Child][RunMessage] Error: Channel closing: too late to send/recv, messages will be lost

1618553225288	geckodriver	INFO	Listening on 127.0.0.1:62292
1618553228319	mozrunner::runner	INFO	Running command: "C:\\Program Files\\Mozilla Firefox\\firefox.exe" "--marionette" "-foreground" "-no-remote" "-profile" "C:\\Users\\kkk\\AppData\\Local\\Temp\\rust_mozprofile8Pskab"
console.warn: SearchSettings: "get: No settings file exists, new profile?" (new Error("", "(unknown module)"))
1618553231865	Marionette	INFO	Listening on port 62301
1618553231953	Marionette	WARN	TLS certificate errors will be ignored for this session
console.error: Region.jsm: "Error fetching region" (new Error("TIMEOUT", "resource://gre/modules/Region.jsm", 772))
console.error: Region.jsm: "Failed to fetch region" (new Error("TIMEOUT", "resource://gre/modules/Region.jsm", 419))
1618553256969	Marionette	INFO	Stopped listening on port 62301

###!!! [Child][RunMessage] Error: Channel closing: too late to send/recv, messages will be lost

1618553843802	geckodriver	INFO	Listening on 127.0.0.1:62611
1618553846849	mozrunner::runner	INFO	Running command: "C:\\Program Files\\Mozilla Firefox\\firefox.exe" "--marionette" "-foreground" "-no-remote" "-profile" "C:\\Users\\kkk\\AppData\\Local\\Temp\\rust_mozprofilek6qATP"
console.warn: SearchSettings: "get: No settings file exists, new profile?" (new Error("", "(unknown module)"))
1618553850769	Marionette	INFO	Listening on port 62619
1618553851055	Marionette	WARN	TLS certificate errors will be ignored for this session
console.error: Region.jsm: "Error fetching region" (new Error("TIMEOUT", "resource://gre/modules/Region.jsm", 772))
console.error: Region.jsm: "Failed to fetch region" (new Error("TIMEOUT", "resource://gre/modules/Region.jsm", 419))
1618553865960	Marionette	INFO	Stopped listening on port 62619

###!!! [Child][RunMessage] Error: Channel closing: too late to send/recv, messages will be lost

1618553934701	geckodriver	INFO	Listening on 127.0.0.1:62707
1618553937742	mozrunner::runner	INFO	Running command: "C:\\Program Files\\Mozilla Firefox\\firefox.exe" "--marionette" "-foreground" "-no-remote" "-profile" "C:\\Users\\kkk\\AppData\\Local\\Temp\\rust_mozprofile68dQCt"
console.warn: SearchSettings: "get: No settings file exists, new profile?" (new Error("", "(unknown module)"))
1618553941405	Marionette	INFO	Listening on port 62722
1618553941887	Marionette	WARN	TLS certificate errors will be ignored for this session
1618553962490	Marionette	INFO	Stopped listening on port 62722

###!!! [Child][RunMessage] Error: Channel closing: too late to send/recv, messages will be lost

1619154512256	geckodriver	INFO	Listening on 127.0.0.1:55041
1619154515319	mozrunner::runner	INFO	Running command: "C:\\Program Files\\Mozilla Firefox\\firefox.exe" "--marionette" "-foreground" "-no-remote" "-profile" "C:\\Users\\kkk\\AppData\\Local\\Temp\\rust_mozprofileM71DYI"
console.warn: SearchSettings: "get: No settings file exists, new profile?" (new Error("", "(unknown module)"))
1619154519530	Marionette	INFO	Listening on port 55049
1619154519645	Marionette	WARN	TLS certificate errors will be ignored for this session
1619154519797	Marionette	INFO	Stopped listening on port 55049
console.error: Region.jsm: "Error fetching region" (new TypeError("NetworkError when attempting to fetch resource.", ""))
console.error: Region.jsm: "Failed to fetch region" (new Error("NO_RESULT", "resource://gre/modules/Region.jsm", 419))

###!!! [Child][RunMessage] Error: Channel closing: too late to send/recv, messages will be lost

1619154547757	geckodriver	INFO	Listening on 127.0.0.1:55090
1619154550811	mozrunner::runner	INFO	Running command: "C:\\Program Files\\Mozilla Firefox\\firefox.exe" "--marionette" "-foreground" "-no-remote" "-profile" "C:\\Users\\kkk\\AppData\\Local\\Temp\\rust_mozprofilebo6YtZ"
console.warn: SearchSettings: "get: No settings file exists, new profile?" (new Error("", "(unknown module)"))
1619154554473	Marionette	INFO	Listening on port 55102
1619154554512	Marionette	WARN	TLS certificate errors will be ignored for this session
JavaScript error: resource://gre/actors/AutoCompleteChild.jsm, line 125: Error: Invalid autocomplete selectedIndex
1619154555817	Marionette	INFO	Stopped listening on port 55102
console.error: services.settings: 
  main/partitioning-exempt-urls Signature failed  TypeError: NetworkError when attempting to fetch resource.
console.error: services.settings: 
  main/fxmonitor-breaches Signature failed  TypeError: NetworkError when attempting to fetch resource.
console.error: services.settings: 
  main/message-groups Signature failed  TypeError: NetworkError when attempting to fetch resource.
console.error: Region.jsm: "Error fetching region" (new TypeError("NetworkError when attempting to fetch resource.", ""))
console.error: Region.jsm: "Failed to fetch region" (new Error("NO_RESULT", "resource://gre/modules/Region.jsm", 419))

###!!! [Child][RunMessage] Error: Channel closing: too late to send/recv, messages will be lost

1619154567299	geckodriver	INFO	Listening on 127.0.0.1:55125
1619154570355	mozrunner::runner	INFO	Running command: "C:\\Program Files\\Mozilla Firefox\\firefox.exe" "--marionette" "-foreground" "-no-remote" "-profile" "C:\\Users\\kkk\\AppData\\Local\\Temp\\rust_mozprofilea9OZPD"
console.warn: SearchSettings: "get: No settings file exists, new profile?" (new Error("", "(unknown module)"))
1619154573894	Marionette	INFO	Listening on port 55137
1619154574047	Marionette	WARN	TLS certificate errors will be ignored for this session
JavaScript error: resource://gre/actors/AutoCompleteChild.jsm, line 125: Error: Invalid autocomplete selectedIndex
1619154575285	Marionette	INFO	Stopped listening on port 55137
console.error: services.settings: 
  main/partitioning-exempt-urls Signature failed  TypeError: NetworkError when attempting to fetch resource.
console.error: services.settings: 
  main/message-groups Signature failed  TypeError: NetworkError when attempting to fetch resource.
console.error: services.settings: 
  main/fxmonitor-breaches Signature failed  TypeError: NetworkError when attempting to fetch resource.
console.error: Region.jsm: "Error fetching region" (new TypeError("NetworkError when attempting to fetch resource.", ""))
console.error: Region.jsm: "Failed to fetch region" (new Error("NO_RESULT", "resource://gre/modules/Region.jsm", 419))
1619154694425	geckodriver	INFO	Listening on 127.0.0.1:55217
1619154697520	mozrunner::runner	INFO	Running command: "C:\\Program Files\\Mozilla Firefox\\firefox.exe" "--marionette" "-foreground" "-no-remote" "-profile" "C:\\Users\\kkk\\AppData\\Local\\Temp\\rust_mozprofileZaNjqw"
console.warn: SearchSettings: "get: No settings file exists, new profile?" (new Error("", "(unknown module)"))
1619154701113	Marionette	INFO	Listening on port 55226
1619154701212	Marionette	WARN	TLS certificate errors will be ignored for this session
JavaScript error: resource://gre/actors/AutoCompleteChild.jsm, line 125: Error: Invalid autocomplete selectedIndex
1619154702443	Marionette	INFO	Stopped listening on port 55226
console.error: services.settings: 
  main/partitioning-exempt-urls Signature failed  TypeError: NetworkError when attempting to fetch resource.
console.error: services.settings: 
  main/message-groups Signature failed  TypeError: NetworkError when attempting to fetch resource.
console.error: services.settings: 
  main/fxmonitor-breaches Signature failed  TypeError: NetworkError when attempting to fetch resource.

###!!! [Child][RunMessage] Error: Channel closing: too late to send/recv, messages will be lost

